GO
8
7
6
5
4
3
2
1
1
2
3
4
5
6
7
8
8
7
6
5
4
3
2
1
1
2
3
4
5
6
7
8
8
7
6
5
4
3
2
1
1
2
3
4
5
6
7
8
8
7
6
5
4
3
2
1
1
2
3
4
5
6
7
8
49
25
9
1
4
16
36
64
100
144
196
256
324
400
484
576
676
784
900
1024
1156
1296
1444
1600
1764
1936
2116
2304
2500
2704
2916
3136
3364
3600
3844
4096
4356
4624
4900
5184
5476
5776
6084
6400
6724
7056
7396
7744
8100
8464
8836
9216
9604
10000
10404
10816
11236
11664
12100
12544
12996
13456
13924
14400
14884
15376
15876
16384
16900
17424
17956
18496
19044
19600
20164
20736
21316
21904
22500
23104
23716
24336
24964
25600
26244
26896
27556
28224
28900
29584
30276
30976
31684
32400
33124
33856
34596
35344
36100
36864
37636
38416
39204
40000
40804
41616
42436
43264
44100
44944
45796
46656
47524
48400
49284
50176
51076
51984
52900
53824
54756
55696
56644
57600
58564
59536
60516
61504
62500
63504
64516
65536
66564
67600
68644
69696
70756
71824
72900
73984
75076
76176
77284
78400
79524
80656
81796
82944
84100
85264
86436
87616
88804
90000
91204
92416
93636
94864
96100
97344
98596
99856
101124
102400
103684
104976
106276
107584
108900
110224
111556
112896
114244
115600
116964
118336
119716
121104
122500
123904
125316
126736
128164
129600
131044
132496
133956
135424
136900
138384
139876
141376
142884
144400
145924
147456
148996
150544
152100
153664
155236
156816
158404
160000
161604
163216
164836
166464
168100
169744
171396
173056
174724
176400
178084
179776
181476
183184
184900
186624
188356
190096
191844
193600
195364
197136
198916
200704
202500
204304
206116
207936
209764
211600
213444
215296
217156
219024
220900
222784
224676
226576
228484
230400
232324
234256
236196
238144
240100
242064
244036
246016
248004
250000
252004
254016
256036
258064
260100
262144
264196
266256
268324
270400
272484
274576
276676
278784
280900
283024
285156
287296
289444
291600
293764
295936
298116
300304
302500
304704
306916
309136
311364
313600
315844
318096
320356
322624
324900
327184
329476
331776
334084
336400
338724
341056
343396
345744
348100
350464
352836
355216
357604
360000
362404
364816
367236
369664
372100
374544
376996
379456
381924
384400
386884
389376
391876
394384
396900
399424
401956
404496
407044
409600
412164
414736
417316
419904
422500
425104
427716
430336
432964
435600
438244
440896
443556
446224
448900
451584
454276
456976
459684
462400
465124
467856
470596
473344
476100
478864
481636
484416
487204
490000
492804
495616
498436
501264
504100
506944
509796
512656
515524
518400
521284
524176
527076
529984
532900
535824
538756
541696
544644
547600
550564
553536
556516
559504
562500
565504
568516
571536
574564
577600
580644
583696
586756
589824
592900
595984
599076
602176
605284
608400
611524
614656
617796
620944
624100
627264
630436
633616
636804
640000
643204
646416
649636
652864
656100
659344
662596
665856
669124
672400
675684
678976
682276
685584
688900
692224
695556
698896
702244
705600
708964
712336
715716
719104
722500
725904
729316
732736
736164
739600
743044
746496
749956
753424
756900
760384
763876
767376
770884
774400
777924
781456
784996
788544
792100
795664
799236
802816
806404
810000
813604
817216
820836
824464
828100
831744
835396
839056
842724
846400
850084
853776
857476
861184
864900
868624
872356
876096
879844
883600
887364
891136
894916
898704
902500
906304
910116
913936
917764
921600
925444
929296
933156
937024
940900
944784
948676
952576
956484
960400
964324
968256
972196
976144
980100
984064
988036
992016
996004
1000000
1004004
1008016
1012036
1016064
1020100
1024144
1028196
1032256
1036324
1040400
1044484
1048576
1052676
1056784
1060900
1065024
1069156
1073296
1077444
1081600
1085764
1089936
1094116
1098304
1102500
1106704
1110916
1115136
1119364
1123600
1127844
1132096
1136356
1140624
1144900
1149184
1153476
1157776
1162084
1166400
1170724
1175056
1179396
1183744
1188100
1192464
1196836
1201216
1205604
1210000
1214404
1218816
1223236
1227664
1232100
1236544
1240996
1245456
1249924
1254400
1258884
1263376
1267876
1272384
1276900
1281424
1285956
1290496
1295044
1299600
1304164
1308736
1313316
1317904
1322500
1327104
1331716
1336336
1340964
1345600
1350244
1354896
1359556
1364224
1368900
1373584
1378276
1382976
1387684
1392400
1397124
1401856
1406596
1411344
1416100
1420864
1425636
1430416
1435204
1440000
1444804
1449616
1454436
1459264
1464100
1468944
1473796
1478656
1483524
1488400
1493284
1498176
1503076
1507984
1512900
1517824
1522756
1527696
1532644
1537600
1542564
1547536
1552516
1557504
1562500
1567504
1572516
1577536
1582564
1587600
1592644
1597696
1602756
1607824
1612900
1617984
1623076
1628176
1633284
1638400
1643524
1648656
1653796
1658944
1664100
1669264
1674436
1679616
1684804
1690000
1695204
1700416
1705636
1710864
1716100
1721344
1726596
1731856
1737124
1742400
1747684
1752976
1758276
1763584
1768900
1774224
1779556
1784896
1790244
1795600
1800964
1806336
1811716
1817104
1822500
1827904
1833316
1838736
1844164
1849600
1855044
1860496
1865956
1871424
1876900
1882384
1887876
1893376
1898884
1904400
1909924
1915456
1920996
1926544
1932100
1937664
1943236
1948816
1954404
1960000
1965604
1971216
1976836
1982464
1988100
1993744
1999396
2005056
2010724
2016400
2022084
2027776
2033476
2039184
2044900
2050624
2056356
2062096
2067844
2073600
2079364
2085136
2090916
2096704
2102500
2108304
2114116
2119936
2125764
2131600
2137444
2143296
2149156
2155024
2160900
2166784
2172676
2178576
2184484
2190400
2196324
2202256
2208196
2214144
2220100
2226064
2232036
2238016
2244004
2250000
2256004
2262016
2268036
2274064
2280100
2286144
2292196
2298256
2304324
2310400
2316484
2322576
2328676
2334784
2340900
2347024
2353156
2359296
2365444
2371600
2377764
2383936
2390116
2396304
2402500
2408704
2414916
2421136
2427364
2433600
2439844
2446096
2452356
2458624
2464900
2471184
2477476
2483776
2490084
2496400
2502724
2509056
2515396
2521744
2528100
2534464
2540836
2547216
2553604
2560000
2566404
2572816
2579236
2585664
2592100
2598544
2604996
2611456
2617924
2624400
2630884
2637376
2643876
2650384
2656900
2663424
2669956
2676496
2683044
2689600
2696164
2702736
2709316
2715904
2722500
2729104
2735716
2742336
2748964
2755600
2762244
2768896
2775556
2782224
2788900
2795584
2802276
2808976
2815684
2822400
2829124
2835856
2842596
2849344
2856100
2862864
2869636
2876416
2883204
2890000
2896804
2903616
2910436
2917264
2924100
2930944
2937796
2944656
2951524
2958400
2965284
2972176
2979076
2985984
2992900
2999824
3006756
3013696
3020644
3027600
3034564
3041536
3048516
3055504
3062500
3069504
3076516
3083536
3090564
3097600
3104644
3111696
3118756
3125824
3132900
3139984
3147076
3154176
3161284
3168400
3175524
3182656
3189796
3196944
3204100
3211264
3218436
3225616
3232804
3240000
3247204
3254416
3261636
3268864
3276100
3283344
3290596
3297856
3305124
3312400
3319684
3326976
3334276
3341584
3348900
3356224
3363556
3370896
3378244
3385600
3392964
3400336
3407716
3415104
3422500
3429904
3437316
3444736
3452164
3459600
3467044
3474496
3481956
3489424
3496900
3504384
3511876
3519376
3526884
3534400
3541924
3549456
3556996
3564544
3572100
3579664
3587236
3594816
3602404
3610000
3617604
3625216
3632836
3640464
3648100
3655744
3663396
3671056
3678724
3686400
3694084
3701776
3709476
3717184
3724900
3732624
3740356
3748096
3755844
3763600
3771364
3779136
3786916
3794704
3802500
3810304
3818116
3825936
3833764
3841600
3849444
3857296
3865156
3873024
3880900
3888784
3896676
3904576
3912484
3920400
3928324
3936256
3944196
3952144
3960100
3968064
3976036
3984016
3992004
4000000
4008004
4016016
4024036
4032064
4040100
4048144
4056196
4064256
4072324
4080400
4088484
4096576
4104676
4112784
4120900
4129024
4137156
4145296
4153444
4161600
4169764
4177936
4186116
4194304
4202500
4210704
4218916
4227136
4235364
4243600
4251844
4260096
4268356
4276624
4284900
4293184
4301476
4309776
4318084
4326400
4334724
4343056
4351396
4359744
4368100
4376464
4384836
4393216
4401604
4410000
4418404
4426816
4435236
4443664
4452100
4460544
4468996
4477456
4485924
4494400
4502884
4511376
4519876
4528384
4536900
4545424
4553956
4562496
4571044
4579600
4588164
4596736
4605316
4613904
4622500
4631104
4639716
4648336
4656964
4665600
4674244
4682896
4691556
4700224
4708900
4717584
4726276
4734976
4743684
4752400
4761124
4769856
4778596
4787344
4796100
4804864
4813636
4822416
4831204
4840000
4848804
4857616
4866436
4875264
4884100
4892944
4901796
4910656
4919524
4928400
4937284
4946176
4955076
4963984
4972900
4981824
4990756
4999696
5008644
5017600
5026564
5035536
5044516
5053504
5062500
5071504
5080516
5089536
5098564
5107600
5116644
5125696
5134756
5143824
5152900
5161984
5171076
5180176
5189284
5198400
5207524
5216656
5225796
5234944
5244100
5253264
5262436
5271616
5280804
5290000
5299204
5308416
5317636
5326864
5336100
5345344
5354596
5363856
5373124
5382400
5391684
5400976
5410276
5419584
5428900
5438224
5447556
5456896
5466244
5475600
5484964
5494336
5503716
5513104
5522500
5531904
5541316
5550736
5560164
5569600
5579044
5588496
5597956
5607424
5616900
5626384
5635876
5645376
5654884
5664400
5673924
5683456
5692996
5702544
5712100
5721664
5731236
5740816
5750404
5760000
5769604
5779216
5788836
5798464
5808100
5817744
5827396
5837056
5846724
5856400
5866084
5875776
5885476
5895184
5904900
5914624
5924356
5934096
5943844
5953600
5963364
5973136
5982916
5992704
6002500
6012304
6022116
6031936
6041764
6051600
6061444
6071296
6081156
6091024
6100900
6110784
6120676
6130576
6140484
6150400
6160324
6170256
6180196
6190144
6200100
6210064
6220036
6230016
6240004
6250000
6260004
6270016
6280036
6290064
6300100
6310144
6320196
6330256
6340324
6350400
6360484
6370576
6380676
6390784
6400900
6411024
6421156
6431296
6441444
6451600
6461764
6471936
6482116
6492304
6502500
6512704
6522916
6533136
6543364
6553600
6563844
6574096
6584356
6594624
6604900
6615184
6625476
6635776
6646084
6656400
6666724
6677056
6687396
6697744
6708100
6718464
6728836
6739216
6749604
6760000
6770404
6780816
6791236
6801664
6812100
6822544
6832996
6843456
6853924
6864400
6874884
6885376
6895876
6906384
6916900
6927424
6937956
6948496
6959044
6969600
6980164
6990736
7001316
7011904
7022500
7033104
7043716
7054336
7064964
7075600
7086244
7096896
7107556
7118224
7128900
7139584
7150276
7160976
7171684
7182400
7193124
7203856
7214596
7225344
7236100
7246864
7257636
7268416
7279204
7290000
7300804
7311616
7322436
7333264
7344100
7354944
7365796
7376656
7387524
7398400
7409284
7420176
7431076
7441984
7452900
7463824
7474756
7485696
7496644
7507600
7518564
7529536
7540516
7551504
7562500
7573504
7584516
7595536
7606564
7617600
7628644
7639696
7650756
7661824
7672900
7683984
7695076
7706176
7717284
7728400
7739524
7750656
7761796
7772944
7784100
7795264
7806436
7817616
7828804
7840000
7851204
7862416
7873636
7884864
7896100
7907344
7918596
7929856
7941124
7952400
7963684
7974976
7986276
7997584
8008900
8020224
8031556
8042896
8054244
8065600
8076964
8088336
8099716
8111104
8122500
8133904
8145316
8156736
8168164
8179600
8191044
8202496
8213956
8225424
8236900
8248384
8259876
8271376
8282884
8294400
8305924
8317456
8328996
8340544
8352100
8363664
8375236
8386816
8398404
8410000
8421604
8433216
8444836
8456464
8468100
8479744
8491396
8503056
8514724
8526400
8538084
8549776
8561476
8573184
8584900
8596624
8608356
8620096
8631844
8643600
8655364
8667136
8678916
8690704
8702500
8714304
8726116
8737936
8749764
8761600
8773444
8785296
8797156
8809024
8820900
8832784
8844676
8856576
8868484
8880400
8892324
8904256
8916196
8928144
8940100
8952064
8964036
8976016
8988004
9000000
9012004
9024016
9036036
9048064
9060100
9072144
9084196
9096256
9108324
9120400
9132484
9144576
9156676
9168784
9180900
9193024
9205156
9217296
9229444
9241600
9253764
9265936
9278116
9290304
9302500
9314704
9326916
9339136
9351364
9363600
9375844
9388096
9400356
9412624
9424900
9437184
9449476
9461776
9474084
9486400
9498724
9511056
9523396
9535744
9548100
9560464
9572836
9585216
9597604
9610000
9622404
9634816
9647236
9659664
9672100
9684544
9696996
9709456
9721924
9734400
9746884
9759376
9771876
9784384
9796900
9809424
9821956
9834496
9847044
9859600
9872164
9884736
9897316
9909904
9922500
9935104
9947716
9960336
9972964
9985600
9998244
10010896
10023556
10036224
10048900
10061584
10074276
10086976
10099684
10112400
10125124
10137856
10150596
10163344
10176100
10188864
10201636
10214416
10227204
10240000
10252804
10265616
10278436
10291264
10304100
10316944
10329796
10342656
10355524
10368400
10381284
10394176
10407076
10419984
10432900
10445824
10458756
10471696
10484644
10497600
10510564
10523536
10536516
10549504
10562500
10575504
10588516
10601536
10614564
10627600
10640644
10653696
10666756
10679824
10692900
10705984
10719076
10732176
10745284
10758400
10771524
10784656
10797796
10810944
10824100
10837264
10850436
10863616
10876804
10890000
10903204
10916416
10929636
10942864
10956100
10969344
10982596
10995856
11009124
11022400
11035684
11048976
11062276
11075584
11088900
11102224
11115556
11128896
11142244
11155600
11168964
11182336
11195716
11209104
11222500
11235904
11249316
11262736
11276164
11289600
11303044
11316496
11329956
11343424
11356900
11370384
11383876
11397376
11410884
11424400
11437924
11451456
11464996
11478544
11492100
11505664
11519236
11532816
11546404
11560000
11573604
11587216
11600836
11614464
11628100
11641744
11655396
11669056
11682724
11696400
11710084
11723776
11737476
11751184
11764900
11778624
11792356
11806096
11819844
11833600
11847364
11861136
11874916
11888704
11902500
11916304
11930116
11943936
11957764
11971600
11985444
11999296
12013156
12027024
12040900
12054784
12068676
12082576
12096484
12110400
12124324
12138256
12152196
12166144
12180100
12194064
12208036
12222016
12236004
12250000
12264004
12278016
12292036
12306064
12320100
12334144
12348196
12362256
12376324
12390400
12404484
12418576
12432676
12446784
12460900
12475024
12489156
12503296
12517444
12531600
12545764
12559936
12574116
12588304
12602500
12616704
12630916
12645136
12659364
12673600
12687844
12702096
12716356
12730624
12744900
12759184
12773476
12787776
12802084
12816400
12830724
12845056
12859396
12873744
12888100
12902464
12916836
12931216
12945604
12960000
12974404
12988816
13003236
13017664
13032100
13046544
13060996
13075456
13089924
13104400
13118884
13133376
13147876
13162384
13176900
13191424
13205956
13220496
13235044
13249600
13264164
13278736
13293316
13307904
13322500
13337104
13351716
13366336
13380964
13395600
13410244
13424896
13439556
13454224
13468900
13483584
13498276
13512976
13527684
13542400
13557124
13571856
13586596
13601344
13616100
13630864
13645636
13660416
13675204
13690000
13704804
13719616
13734436
13749264
13764100
13778944
13793796
13808656
13823524
13838400
13853284
13868176
13883076
13897984
13912900
13927824
13942756
13957696
13972644
13987600
14002564
14017536
14032516
14047504
14062500
14077504
14092516
14107536
14122564
14137600
14152644
14167696
14182756
14197824
14212900
14227984
14243076
14258176
14273284
14288400
14303524
14318656
14333796
14348944
14364100
14379264
14394436
14409616
14424804
14440000
14455204
14470416
14485636
14500864
14516100
14531344
14546596
14561856
14577124
14592400
14607684
14622976
14638276
14653584
14668900
14684224
14699556
14714896
14730244
14745600
14760964
14776336
14791716
14807104
14822500
14837904
14853316
14868736
14884164
14899600
14915044
14930496
14945956
14961424
14976900
14992384
15007876
15023376
15038884
15054400
15069924
15085456
15100996
15116544
15132100
15147664
15163236
15178816
15194404
15210000
15225604
15241216
15256836
15272464
15288100
15303744
15319396
15335056
15350724
15366400
15382084
15397776
15413476
15429184
15444900
15460624
15476356
15492096
15507844
15523600
15539364
15555136
15570916
15586704
15602500
15618304
15634116
15649936
15665764
15681600
15697444
15713296
15729156
15745024
15760900
15776784
15792676
15808576
15824484
15840400
15856324
15872256
15888196
15904144
15920100
15936064
15952036
15968016
15984004
16000000
16016004
16032016
16048036
16064064
16080100
16096144
16112196
16128256
16144324
16160400
16176484
16192576
16208676
16224784
16240900
16257024
16273156
16289296
16305444
16321600
16337764
16353936
16370116
16386304
16402500
16418704
16434916
16451136
16467364
16483600
16499844
16516096
16532356
16548624
16564900
16581184
16597476
16613776
16630084
16646400
16662724
16679056
16695396
16711744
16728100
16744464
16760836
16777216
16793604
16810000
16826404
16842816
16859236
16875664
16892100
16908544
16924996
16941456
16957924
16974400
16990884
17007376
17023876
17040384
17056900
17073424
17089956
17106496
17123044
17139600
17156164
17172736
17189316
17205904
17222500
17239104
17255716
17272336
17288964
17305600
17322244
17338896
17355556
17372224
17388900
17405584
17422276
17438976
17455684
17472400
17489124
17505856
17522596
17539344
17556100
17572864
17589636
17606416
17623204
17640000
17656804
17673616
17690436
17707264
17724100
17740944
17757796
17774656
17791524
17808400
17825284
17842176
17859076
17875984
17892900
17909824
17926756
17943696
17960644
17977600
17994564
18011536
18028516
18045504
18062500
18079504
18096516
18113536
18130564
18147600
18164644
18181696
18198756
18215824
18232900
18249984
18267076
18284176
18301284
18318400
18335524
18352656
18369796
18386944
18404100
18421264
18438436
18455616
18472804
18490000
18507204
18524416
1854163649
25
9
1
4
16
36
64
100
144
196
256
324
400
484
576
676
784
900
1024
1156
1296
1444
1600
1764
1936
2116
2304
2500
2704
2916
3136
3364
3600
3844
4096
4356
4624
4900
5184
5476
5776
6084
6400
6724
7056
7396
7744
8100
8464
8836
9216
9604
10000
10404
10816
11236
11664
12100
12544
12996
13456
13924
14400
14884
15376
15876
16384
16900
17424
17956
18496
19044
19600
20164
20736
21316
21904
22500
23104
23716
24336
24964
25600
26244
26896
27556
28224
28900
29584
30276
30976
31684
32400
33124
33856
34596
35344
36100
36864
37636
38416
39204
40000
40804
41616
42436
43264
44100
44944
45796
46656
47524
48400
49284
50176
51076
51984
52900
53824
54756
55696
56644
57600
58564
59536
60516
61504
62500
63504
64516
65536
66564
67600
68644
69696
70756
71824
72900
73984
75076
76176
77284
78400
79524
80656
81796
82944
84100
85264
86436
87616
88804
90000
91204
92416
93636
94864
96100
97344
98596
99856
101124
102400
103684
104976
106276
107584
108900
110224
111556
112896
114244
115600
116964
118336
119716
121104
122500
123904
125316
126736
128164
129600
131044
132496
133956
135424
136900
138384
139876
141376
142884
144400
145924
147456
148996
150544
152100
153664
155236
156816
158404
160000
161604
163216
164836
166464
168100
169744
171396
173056
174724
176400
178084
179776
181476
183184
184900
186624
188356
190096
191844
193600
195364
197136
198916
200704
202500
204304
206116
207936
209764
211600
213444
215296
217156
219024
220900
222784
224676
226576
228484
230400
232324
234256
236196
238144
240100
242064
244036
246016
248004
250000
252004
254016
256036
258064
260100
262144
264196
266256
268324
270400
272484
274576
276676
278784
280900
283024
285156
287296
289444
291600
293764
295936
298116
300304
302500
304704
306916
309136
311364
313600
315844
318096
320356
322624
324900
327184
329476
331776
334084
336400
338724
341056
343396
345744
348100
350464
352836
355216
357604
360000
362404
364816
367236
369664
372100
374544
376996
379456
381924
384400
386884
389376
391876
394384
396900
399424
401956
404496
407044
409600
412164
414736
417316
419904
422500
425104
427716
430336
432964
435600
438244
440896
443556
446224
448900
451584
454276
456976
459684
462400
465124
467856
470596
473344
476100
478864
481636
484416
487204
490000
492804
495616
498436
501264
504100
506944
509796
512656
515524
518400
521284
524176
527076
529984
532900
535824
538756
541696
544644
547600
550564
553536
556516
559504
562500
565504
568516
571536
574564
577600
580644
583696
586756
589824
592900
595984
599076
602176
605284
608400
611524
614656
617796
620944
624100
627264
630436
633616
636804
640000
643204
646416
649636
652864
656100
659344
662596
665856
669124
672400
675684
678976
682276
685584
688900
692224
695556
698896
702244
705600
708964
712336
715716
719104
722500
725904
729316
732736
736164
739600
743044
746496
749956
753424
756900
760384
763876
767376
770884
774400
777924
781456
784996
788544
792100
795664
799236
802816
806404
810000
813604
817216
820836
824464
828100
831744
835396
839056
842724
846400
850084
853776
857476
861184
864900
868624
872356
876096
879844
883600
887364
891136
894916
898704
902500
906304
910116
913936
917764
921600
925444
929296
933156
937024
940900
944784
948676
952576
956484
960400
964324
968256
972196
976144
980100
984064
988036
992016
996004
1000000
1004004
1008016
1012036
1016064
1020100
1024144
1028196
1032256
1036324
1040400
1044484
1048576
1052676
1056784
1060900
1065024
1069156
1073296
1077444
1081600
1085764
1089936
1094116
1098304
1102500
1106704
1110916
1115136
1119364
1123600
1127844
1132096
1136356
1140624
1144900
1149184
1153476
1157776
1162084
1166400
1170724
1175056
1179396
1183744
1188100
1192464
1196836
1201216
1205604
1210000
1214404
1218816
1223236
1227664
1232100
1236544
1240996
1245456
1249924
1254400
1258884
1263376
1267876
1272384
1276900
1281424
1285956
1290496
1295044
1299600
1304164
1308736
1313316
1317904
1322500
1327104
1331716
1336336
1340964
1345600
1350244
1354896
1359556
1364224
1368900
1373584
1378276
1382976
1387684
1392400
1397124
1401856
1406596
1411344
1416100
1420864
1425636
1430416
1435204
1440000
1444804
1449616
1454436
1459264
1464100
1468944
1473796
1478656
1483524
1488400
1493284
1498176
1503076
1507984
1512900
1517824
1522756
1527696
1532644
1537600
1542564
1547536
1552516
1557504
1562500
1567504
1572516
1577536
1582564
1587600
1592644
1597696
1602756
1607824
1612900
1617984
1623076
1628176
1633284
1638400
1643524
1648656
1653796
1658944
1664100
1669264
1674436
1679616
1684804
1690000
1695204
1700416
1705636
1710864
1716100
1721344
1726596
1731856
1737124
1742400
1747684
1752976
1758276
1763584
1768900
1774224
1779556
1784896
1790244
1795600
1800964
1806336
1811716
1817104
1822500
1827904
1833316
1838736
1844164
1849600
1855044
1860496
1865956
1871424
1876900
1882384
1887876
1893376
1898884
1904400
1909924
1915456
1920996
1926544
1932100
1937664
1943236
1948816
1954404
1960000
1965604
1971216
1976836
1982464
1988100
1993744
1999396
2005056
2010724
2016400
2022084
2027776
2033476
2039184
2044900
2050624
2056356
2062096
2067844
2073600
2079364
2085136
2090916
2096704
2102500
2108304
2114116
2119936
2125764
2131600
2137444
2143296
2149156
2155024
2160900
2166784
2172676
2178576
2184484
2190400
2196324
2202256
2208196
2214144
2220100
2226064
2232036
2238016
2244004
2250000
2256004
2262016
2268036
2274064
2280100
2286144
2292196
2298256
2304324
2310400
2316484
2322576
2328676
2334784
2340900
2347024
2353156
2359296
2365444
2371600
2377764
2383936
2390116
2396304
2402500
2408704
2414916
2421136
2427364
2433600
2439844
2446096
2452356
2458624
2464900
2471184
2477476
2483776
2490084
2496400
2502724
2509056
2515396
2521744
2528100
2534464
2540836
2547216
2553604
2560000
2566404
2572816
2579236
2585664
2592100
2598544
2604996
2611456
2617924
2624400
2630884
2637376
2643876
2650384
2656900
2663424
2669956
2676496
2683044
2689600
2696164
2702736
2709316
2715904
2722500
2729104
2735716
2742336
2748964
2755600
2762244
2768896
2775556
2782224
2788900
2795584
2802276
2808976
2815684
2822400
2829124
2835856
2842596
2849344
2856100
2862864
2869636
2876416
2883204
2890000
2896804
2903616
2910436
2917264
2924100
2930944
2937796
2944656
2951524
2958400
2965284
2972176
2979076
2985984
2992900
2999824
3006756
3013696
3020644
3027600
3034564
3041536
3048516
3055504
3062500
3069504
3076516
3083536
3090564
3097600
3104644
3111696
3118756
3125824
3132900
3139984
3147076
3154176
3161284
3168400
3175524
3182656
3189796
3196944
3204100
3211264
3218436
3225616
3232804
3240000
3247204
3254416
3261636
3268864
3276100
3283344
3290596
3297856
3305124
3312400
3319684
3326976
3334276
3341584
3348900
3356224
3363556
3370896
3378244
3385600
3392964
3400336
3407716
3415104
3422500
3429904
3437316
3444736
3452164
3459600
3467044
3474496
3481956
3489424
3496900
3504384
3511876
3519376
3526884
3534400
3541924
3549456
3556996
3564544
3572100
3579664
3587236
3594816
3602404
3610000
3617604
3625216
3632836
3640464
3648100
3655744
3663396
3671056
3678724
3686400
3694084
3701776
3709476
3717184
3724900
3732624
3740356
3748096
3755844
3763600
3771364
3779136
3786916
3794704
3802500
3810304
3818116
3825936
3833764
3841600
3849444
3857296
3865156
3873024
3880900
3888784
3896676
3904576
3912484
3920400
3928324
3936256
3944196
3952144
3960100
3968064
3976036
3984016
3992004
4000000
4008004
4016016
4024036
4032064
4040100
4048144
4056196
4064256
4072324
4080400
4088484
4096576
4104676
4112784
4120900
4129024
4137156
4145296
4153444
4161600
4169764
4177936
4186116
4194304
4202500
4210704
4218916
4227136
4235364
4243600
4251844
4260096
4268356
4276624
4284900
4293184
4301476
4309776
4318084
4326400
4334724
4343056
4351396
4359744
4368100
4376464
4384836
4393216
4401604
4410000
4418404
4426816
4435236
4443664
4452100
4460544
4468996
4477456
4485924
4494400
4502884
4511376
4519876
4528384
4536900
4545424
4553956
4562496
4571044
4579600
4588164
4596736
4605316
4613904
4622500
4631104
4639716
4648336
4656964
4665600
4674244
4682896
4691556
4700224
4708900
4717584
4726276
4734976
4743684
4752400
4761124
4769856
4778596
4787344
4796100
4804864
4813636
4822416
4831204
4840000
4848804
4857616
4866436
4875264
4884100
4892944
4901796
4910656
4919524
4928400
4937284
4946176
4955076
4963984
4972900
4981824
4990756
4999696
5008644
5017600
5026564
5035536
5044516
5053504
5062500
5071504
5080516
5089536
5098564
5107600
5116644
5125696
5134756
5143824
5152900
5161984
5171076
5180176
5189284
5198400
5207524
5216656
5225796
5234944
5244100
5253264
5262436
5271616
5280804
5290000
5299204
5308416
5317636
5326864
5336100
5345344
5354596
5363856
5373124
5382400
5391684
5400976
5410276
5419584
5428900
5438224
5447556
5456896
5466244
5475600
5484964
5494336
5503716
5513104
5522500
5531904
5541316
5550736
5560164
5569600
5579044
5588496
5597956
5607424
5616900
5626384
5635876
5645376
5654884
5664400
5673924
5683456
5692996
5702544
5712100
5721664
5731236
5740816
5750404
5760000
5769604
5779216
5788836
5798464
5808100
5817744
5827396
5837056
5846724
5856400
5866084
5875776
5885476
5895184
5904900
5914624
5924356
5934096
5943844
5953600
5963364
5973136
5982916
5992704
6002500
6012304
6022116
6031936
6041764
6051600
6061444
6071296
6081156
6091024
6100900
6110784
6120676
6130576
6140484
6150400
6160324
6170256
6180196
6190144
6200100
6210064
6220036
6230016
6240004
6250000
6260004
6270016
6280036
6290064
6300100
6310144
6320196
6330256
6340324
6350400
6360484
6370576
6380676
6390784
6400900
6411024
6421156
6431296
6441444
6451600
6461764
6471936
6482116
6492304
6502500
6512704
6522916
6533136
6543364
6553600
6563844
6574096
6584356
6594624
6604900
6615184
6625476
6635776
6646084
6656400
6666724
6677056
6687396
6697744
6708100
6718464
6728836
6739216
6749604
6760000
6770404
6780816
6791236
6801664
6812100
6822544
6832996
6843456
6853924
6864400
6874884
6885376
6895876
6906384
6916900
6927424
6937956
6948496
6959044
6969600
6980164
6990736
7001316
7011904
7022500
7033104
7043716
7054336
7064964
7075600
7086244
7096896
7107556
7118224
7128900
7139584
7150276
7160976
7171684
7182400
7193124
7203856
7214596
7225344
7236100
7246864
7257636
7268416
7279204
7290000
7300804
7311616
7322436
7333264
7344100
7354944
7365796
7376656
7387524
7398400
7409284
7420176
7431076
7441984
7452900
7463824
7474756
7485696
7496644
7507600
7518564
7529536
7540516
7551504
7562500
7573504
7584516
7595536
7606564
7617600
7628644
7639696
7650756
7661824
7672900
7683984
7695076
7706176
7717284
7728400
7739524
7750656
7761796
7772944
7784100
7795264
7806436
7817616
7828804
7840000
7851204
7862416
7873636
7884864
7896100
7907344
7918596
7929856
7941124
7952400
7963684
7974976
7986276
7997584
8008900
8020224
8031556
8042896
8054244
8065600
8076964
8088336
8099716
8111104
8122500
8133904
8145316
8156736
8168164
8179600
8191044
8202496
8213956
8225424
8236900
8248384
8259876
8271376
8282884
8294400
8305924
8317456
8328996
8340544
8352100
8363664
8375236
8386816
8398404
8410000
8421604
8433216
8444836
8456464
8468100
8479744
8491396
8503056
8514724
8526400
8538084
8549776
8561476
8573184
8584900
8596624
8608356
8620096
8631844
8643600
8655364
8667136
8678916
8690704
8702500
8714304
8726116
8737936
8749764
8761600
8773444
8785296
8797156
8809024
8820900
8832784
8844676
8856576
8868484
8880400
8892324
8904256
8916196
8928144
8940100
8952064
8964036
8976016
8988004
9000000
9012004
9024016
9036036
9048064
9060100
9072144
9084196
9096256
9108324
9120400
9132484
9144576
9156676
9168784
9180900
9193024
9205156
9217296
9229444
9241600
9253764
9265936
9278116
9290304
9302500
9314704
9326916
9339136
9351364
9363600
9375844
9388096
9400356
9412624
9424900
9437184
9449476
9461776
9474084
9486400
9498724
9511056
9523396
9535744
9548100
9560464
9572836
9585216
9597604
9610000
9622404
9634816
9647236
9659664
9672100
9684544
9696996
9709456
9721924
9734400
9746884
9759376
9771876
9784384
9796900
9809424
9821956
9834496
9847044
9859600
9872164
9884736
9897316
9909904
9922500
9935104
9947716
9960336
9972964
9985600
9998244
10010896
10023556
10036224
10048900
10061584
10074276
10086976
10099684
10112400
10125124
10137856
10150596
10163344
10176100
10188864
10201636
10214416
10227204
10240000
10252804
10265616
10278436
10291264
10304100
10316944
10329796
10342656
10355524
10368400
10381284
10394176
10407076
10419984
10432900
10445824
10458756
10471696
10484644
10497600
10510564
10523536
10536516
10549504
10562500
10575504
10588516
10601536
10614564
10627600
10640644
10653696
10666756
10679824
10692900
10705984
10719076
10732176
10745284
10758400
10771524
10784656
10797796
10810944
10824100
10837264
10850436
10863616
10876804
10890000
10903204
10916416
10929636
10942864
10956100
10969344
10982596
10995856
11009124
11022400
11035684
11048976
11062276
11075584
11088900
11102224
11115556
11128896
11142244
11155600
11168964
11182336
11195716
11209104
11222500
11235904
11249316
11262736
11276164
11289600
11303044
11316496
11329956
11343424
11356900
11370384
11383876
11397376
11410884
11424400
11437924
11451456
11464996
11478544
11492100
11505664
11519236
11532816
11546404
11560000
11573604
11587216
11600836
11614464
11628100
11641744
11655396
11669056
11682724
11696400
11710084
11723776
11737476
11751184
11764900
11778624
11792356
11806096
11819844
11833600
11847364
11861136
11874916
11888704
11902500
11916304
11930116
11943936
11957764
11971600
11985444
11999296
12013156
12027024
12040900
12054784
12068676
12082576
12096484
12110400
12124324
12138256
12152196
12166144
12180100
12194064
12208036
12222016
12236004
12250000
12264004
12278016
12292036
12306064
12320100
12334144
12348196
12362256
12376324
12390400
12404484
12418576
12432676
12446784
12460900
12475024
12489156
12503296
12517444
12531600
12545764
12559936
12574116
12588304
12602500
12616704
12630916
12645136
12659364
12673600
12687844
12702096
12716356
12730624
12744900
12759184
12773476
12787776
12802084
12816400
12830724
12845056
12859396
12873744
12888100
12902464
12916836
12931216
12945604
12960000
12974404
12988816
13003236
13017664
13032100
13046544
13060996
13075456
13089924
13104400
13118884
13133376
13147876
13162384
13176900
13191424
13205956
13220496
13235044
13249600
13264164
13278736
13293316
13307904
13322500
13337104
13351716
13366336
13380964
13395600
13410244
13424896
13439556
13454224
13468900
13483584
13498276
13512976
13527684
13542400
13557124
13571856
13586596
13601344
13616100
13630864
13645636
13660416
13675204
13690000
13704804
13719616
13734436
13749264
13764100
13778944
13793796
13808656
13823524
13838400
13853284
13868176
13883076
13897984
13912900
13927824
13942756
13957696
13972644
13987600
14002564
14017536
14032516
14047504
14062500
14077504
14092516
14107536
14122564
14137600
14152644
14167696
14182756
14197824
14212900
14227984
14243076
14258176
14273284
14288400
14303524
14318656
14333796
14348944
14364100
14379264
14394436
14409616
14424804
14440000
14455204
14470416
14485636
14500864
14516100
14531344
14546596
14561856
14577124
14592400
14607684
14622976
14638276
14653584
14668900
14684224
14699556
14714896
14730244
14745600
14760964
14776336
14791716
14807104
14822500
14837904
14853316
14868736
14884164
14899600
14915044
14930496
14945956
14961424
14976900
